{"C:\\Users\\jusvaugh1\\Desktop\\Local Code\\DummyCards\\dummycards\\src\\components\\canvas\\CardDrawer.ts": {"path":"C:\\Users\\jusvaugh1\\Desktop\\Local Code\\DummyCards\\dummycards\\src\\components\\canvas\\CardDrawer.ts","statementMap":{"0":{"start":{"line":1,"column":0},"end":{"line":1,"column":28}},"1":{"start":{"line":17,"column":4},"end":{"line":17,"column":20}},"2":{"start":{"line":18,"column":4},"end":{"line":21,"column":6}},"3":{"start":{"line":22,"column":4},"end":{"line":31,"column":6}},"4":{"start":{"line":35,"column":4},"end":{"line":35,"column":34}},"5":{"start":{"line":40,"column":4},"end":{"line":42,"column":null}},"6":{"start":{"line":41,"column":6},"end":{"line":41,"column":59}},"7":{"start":{"line":43,"column":4},"end":{"line":43,"column":34}},"8":{"start":{"line":44,"column":4},"end":{"line":44,"column":32}},"9":{"start":{"line":49,"column":4},"end":{"line":51,"column":null}},"10":{"start":{"line":50,"column":6},"end":{"line":50,"column":65}},"11":{"start":{"line":52,"column":4},"end":{"line":52,"column":37}},"12":{"start":{"line":53,"column":4},"end":{"line":53,"column":39}},"13":{"start":{"line":59,"column":4},"end":{"line":63,"column":null}},"14":{"start":{"line":60,"column":6},"end":{"line":60,"column":86}},"15":{"start":{"line":61,"column":11},"end":{"line":63,"column":null}},"16":{"start":{"line":62,"column":6},"end":{"line":62,"column":88}},"17":{"start":{"line":66,"column":4},"end":{"line":66,"column":20}},"18":{"start":{"line":67,"column":20},"end":{"line":67,"column":21}},"19":{"start":{"line":68,"column":4},"end":{"line":70,"column":null}},"20":{"start":{"line":69,"column":6},"end":{"line":69,"column":76}},"21":{"start":{"line":71,"column":4},"end":{"line":73,"column":null}},"22":{"start":{"line":72,"column":6},"end":{"line":72,"column":74}},"23":{"start":{"line":76,"column":4},"end":{"line":76,"column":91}},"24":{"start":{"line":77,"column":4},"end":{"line":77,"column":92}},"25":{"start":{"line":78,"column":4},"end":{"line":78,"column":92}},"26":{"start":{"line":79,"column":4},"end":{"line":79,"column":95}},"27":{"start":{"line":81,"column":4},"end":{"line":81,"column":28}},"28":{"start":{"line":82,"column":4},"end":{"line":87,"column":6}},"29":{"start":{"line":93,"column":4},"end":{"line":95,"column":null}},"30":{"start":{"line":94,"column":6},"end":{"line":94,"column":89}},"31":{"start":{"line":97,"column":4},"end":{"line":102,"column":null}},"32":{"start":{"line":101,"column":6},"end":{"line":101,"column":86}},"33":{"start":{"line":104,"column":4},"end":{"line":107,"column":null}},"34":{"start":{"line":106,"column":6},"end":{"line":106,"column":91}},"35":{"start":{"line":110,"column":16},"end":{"line":110,"column":28}},"36":{"start":{"line":111,"column":4},"end":{"line":148,"column":null}},"37":{"start":{"line":111,"column":17},"end":{"line":111,"column":18}},"38":{"start":{"line":112,"column":6},"end":{"line":112,"column":52}},"39":{"start":{"line":113,"column":6},"end":{"line":113,"column":47}},"40":{"start":{"line":114,"column":6},"end":{"line":114,"column":53}},"41":{"start":{"line":119,"column":6},"end":{"line":127,"column":null}},"42":{"start":{"line":120,"column":8},"end":{"line":120,"column":37}},"43":{"start":{"line":121,"column":13},"end":{"line":127,"column":null}},"44":{"start":{"line":122,"column":8},"end":{"line":122,"column":36}},"45":{"start":{"line":123,"column":8},"end":{"line":123,"column":92}},"46":{"start":{"line":124,"column":13},"end":{"line":127,"column":null}},"47":{"start":{"line":125,"column":8},"end":{"line":125,"column":37}},"48":{"start":{"line":126,"column":8},"end":{"line":126,"column":93}},"49":{"start":{"line":130,"column":6},"end":{"line":138,"column":null}},"50":{"start":{"line":131,"column":8},"end":{"line":131,"column":38}},"51":{"start":{"line":132,"column":13},"end":{"line":138,"column":null}},"52":{"start":{"line":133,"column":8},"end":{"line":133,"column":35}},"53":{"start":{"line":134,"column":8},"end":{"line":134,"column":92}},"54":{"start":{"line":135,"column":13},"end":{"line":138,"column":null}},"55":{"start":{"line":136,"column":8},"end":{"line":136,"column":38}},"56":{"start":{"line":137,"column":8},"end":{"line":137,"column":95}},"57":{"start":{"line":141,"column":6},"end":{"line":147,"column":null}},"58":{"start":{"line":142,"column":8},"end":{"line":142,"column":75}},"59":{"start":{"line":143,"column":8},"end":{"line":143,"column":48}},"60":{"start":{"line":146,"column":8},"end":{"line":146,"column":48}},"61":{"start":{"line":152,"column":0},"end":{"line":152,"column":26}}},"fnMap":{"0":{"name":"(anonymous_6)","decl":{"start":{"line":16,"column":2},"end":{"line":16,"column":null}},"loc":{"start":{"line":16,"column":2},"end":{"line":32,"column":3}}},"1":{"name":"(anonymous_7)","decl":{"start":{"line":34,"column":2},"end":{"line":34,"column":13}},"loc":{"start":{"line":34,"column":13},"end":{"line":36,"column":3}}},"2":{"name":"(anonymous_8)","decl":{"start":{"line":39,"column":2},"end":{"line":39,"column":16}},"loc":{"start":{"line":39,"column":54},"end":{"line":45,"column":3}}},"3":{"name":"(anonymous_9)","decl":{"start":{"line":48,"column":2},"end":{"line":48,"column":18}},"loc":{"start":{"line":48,"column":44},"end":{"line":54,"column":3}}},"4":{"name":"(anonymous_10)","decl":{"start":{"line":57,"column":2},"end":{"line":57,"column":14}},"loc":{"start":{"line":57,"column":44},"end":{"line":88,"column":3}}},"5":{"name":"(anonymous_11)","decl":{"start":{"line":91,"column":2},"end":{"line":91,"column":20}},"loc":{"start":{"line":91,"column":69},"end":{"line":149,"column":3}}}},"branchMap":{"0":{"loc":{"start":{"line":40,"column":4},"end":{"line":42,"column":null}},"type":"if","locations":[{"start":{"line":40,"column":4},"end":{"line":42,"column":null}},{"start":{"line":40,"column":4},"end":{"line":42,"column":null}}]},"1":{"loc":{"start":{"line":40,"column":8},"end":{"line":40,"column":22}},"type":"binary-expr","locations":[{"start":{"line":40,"column":8},"end":{"line":40,"column":22}},{"start":{"line":40,"column":26},"end":{"line":40,"column":39}}]},"2":{"loc":{"start":{"line":49,"column":4},"end":{"line":51,"column":null}},"type":"if","locations":[{"start":{"line":49,"column":4},"end":{"line":51,"column":null}},{"start":{"line":49,"column":4},"end":{"line":51,"column":null}}]},"3":{"loc":{"start":{"line":49,"column":8},"end":{"line":49,"column":24}},"type":"binary-expr","locations":[{"start":{"line":49,"column":8},"end":{"line":49,"column":24}},{"start":{"line":49,"column":28},"end":{"line":49,"column":45}}]},"4":{"loc":{"start":{"line":59,"column":4},"end":{"line":63,"column":null}},"type":"if","locations":[{"start":{"line":59,"column":4},"end":{"line":63,"column":null}},{"start":{"line":59,"column":4},"end":{"line":63,"column":null}}]},"5":{"loc":{"start":{"line":59,"column":8},"end":{"line":59,"column":25}},"type":"binary-expr","locations":[{"start":{"line":59,"column":8},"end":{"line":59,"column":25}},{"start":{"line":59,"column":29},"end":{"line":59,"column":45}}]},"6":{"loc":{"start":{"line":61,"column":11},"end":{"line":63,"column":null}},"type":"if","locations":[{"start":{"line":61,"column":11},"end":{"line":63,"column":null}},{"start":{"line":61,"column":11},"end":{"line":63,"column":null}}]},"7":{"loc":{"start":{"line":61,"column":15},"end":{"line":61,"column":34}},"type":"binary-expr","locations":[{"start":{"line":61,"column":15},"end":{"line":61,"column":34}},{"start":{"line":61,"column":38},"end":{"line":61,"column":56}}]},"8":{"loc":{"start":{"line":68,"column":4},"end":{"line":70,"column":null}},"type":"if","locations":[{"start":{"line":68,"column":4},"end":{"line":70,"column":null}},{"start":{"line":68,"column":4},"end":{"line":70,"column":null}}]},"9":{"loc":{"start":{"line":71,"column":4},"end":{"line":73,"column":null}},"type":"if","locations":[{"start":{"line":71,"column":4},"end":{"line":73,"column":null}},{"start":{"line":71,"column":4},"end":{"line":73,"column":null}}]},"10":{"loc":{"start":{"line":93,"column":4},"end":{"line":95,"column":null}},"type":"if","locations":[{"start":{"line":93,"column":4},"end":{"line":95,"column":null}},{"start":{"line":93,"column":4},"end":{"line":95,"column":null}}]},"11":{"loc":{"start":{"line":93,"column":8},"end":{"line":93,"column":24}},"type":"binary-expr","locations":[{"start":{"line":93,"column":8},"end":{"line":93,"column":24}},{"start":{"line":93,"column":28},"end":{"line":93,"column":45}},{"start":{"line":93,"column":49},"end":{"line":93,"column":68}},{"start":{"line":93,"column":72},"end":{"line":93,"column":92}}]},"12":{"loc":{"start":{"line":97,"column":4},"end":{"line":102,"column":null}},"type":"if","locations":[{"start":{"line":97,"column":4},"end":{"line":102,"column":null}},{"start":{"line":97,"column":4},"end":{"line":102,"column":null}}]},"13":{"loc":{"start":{"line":97,"column":8},"end":{"line":97,"column":29}},"type":"binary-expr","locations":[{"start":{"line":97,"column":8},"end":{"line":97,"column":29}},{"start":{"line":98,"column":9},"end":{"line":98,"column":31}},{"start":{"line":99,"column":9},"end":{"line":99,"column":29}},{"start":{"line":100,"column":9},"end":{"line":100,"column":32}}]},"14":{"loc":{"start":{"line":104,"column":4},"end":{"line":107,"column":null}},"type":"if","locations":[{"start":{"line":104,"column":4},"end":{"line":107,"column":null}},{"start":{"line":104,"column":4},"end":{"line":107,"column":null}}]},"15":{"loc":{"start":{"line":104,"column":8},"end":{"line":104,"column":27}},"type":"binary-expr","locations":[{"start":{"line":104,"column":8},"end":{"line":104,"column":27}},{"start":{"line":104,"column":31},"end":{"line":104,"column":49}},{"start":{"line":105,"column":9},"end":{"line":105,"column":31}},{"start":{"line":105,"column":35},"end":{"line":105,"column":56}}]},"16":{"loc":{"start":{"line":112,"column":22},"end":{"line":112,"column":40}},"type":"binary-expr","locations":[{"start":{"line":112,"column":22},"end":{"line":112,"column":40}},{"start":{"line":112,"column":44},"end":{"line":112,"column":51}}]},"17":{"loc":{"start":{"line":113,"column":17},"end":{"line":113,"column":30}},"type":"binary-expr","locations":[{"start":{"line":113,"column":17},"end":{"line":113,"column":30}},{"start":{"line":113,"column":34},"end":{"line":113,"column":46}}]},"18":{"loc":{"start":{"line":114,"column":22},"end":{"line":114,"column":40}},"type":"binary-expr","locations":[{"start":{"line":114,"column":22},"end":{"line":114,"column":40}},{"start":{"line":114,"column":44},"end":{"line":114,"column":52}}]},"19":{"loc":{"start":{"line":119,"column":6},"end":{"line":127,"column":null}},"type":"if","locations":[{"start":{"line":119,"column":6},"end":{"line":127,"column":null}},{"start":{"line":119,"column":6},"end":{"line":127,"column":null}}]},"20":{"loc":{"start":{"line":119,"column":10},"end":{"line":119,"column":45}},"type":"binary-expr","locations":[{"start":{"line":119,"column":10},"end":{"line":119,"column":45}},{"start":{"line":119,"column":49},"end":{"line":119,"column":85}}]},"21":{"loc":{"start":{"line":121,"column":13},"end":{"line":127,"column":null}},"type":"if","locations":[{"start":{"line":121,"column":13},"end":{"line":127,"column":null}},{"start":{"line":121,"column":13},"end":{"line":127,"column":null}}]},"22":{"loc":{"start":{"line":124,"column":13},"end":{"line":127,"column":null}},"type":"if","locations":[{"start":{"line":124,"column":13},"end":{"line":127,"column":null}},{"start":{"line":124,"column":13},"end":{"line":127,"column":null}}]},"23":{"loc":{"start":{"line":130,"column":6},"end":{"line":138,"column":null}},"type":"if","locations":[{"start":{"line":130,"column":6},"end":{"line":138,"column":null}},{"start":{"line":130,"column":6},"end":{"line":138,"column":null}}]},"24":{"loc":{"start":{"line":130,"column":10},"end":{"line":130,"column":44}},"type":"binary-expr","locations":[{"start":{"line":130,"column":10},"end":{"line":130,"column":44}},{"start":{"line":130,"column":48},"end":{"line":130,"column":85}}]},"25":{"loc":{"start":{"line":132,"column":13},"end":{"line":138,"column":null}},"type":"if","locations":[{"start":{"line":132,"column":13},"end":{"line":138,"column":null}},{"start":{"line":132,"column":13},"end":{"line":138,"column":null}}]},"26":{"loc":{"start":{"line":135,"column":13},"end":{"line":138,"column":null}},"type":"if","locations":[{"start":{"line":135,"column":13},"end":{"line":138,"column":null}},{"start":{"line":135,"column":13},"end":{"line":138,"column":null}}]},"27":{"loc":{"start":{"line":141,"column":6},"end":{"line":147,"column":null}},"type":"if","locations":[{"start":{"line":141,"column":6},"end":{"line":147,"column":null}},{"start":{"line":141,"column":6},"end":{"line":147,"column":null}}]},"28":{"loc":{"start":{"line":141,"column":10},"end":{"line":141,"column":28}},"type":"binary-expr","locations":[{"start":{"line":141,"column":10},"end":{"line":141,"column":28}},{"start":{"line":141,"column":32},"end":{"line":141,"column":50}}]}},"s":{"0":1,"1":1,"2":1,"3":1,"4":4,"5":8,"6":1,"7":7,"8":7,"9":6,"10":1,"11":5,"12":5,"13":8,"14":1,"15":7,"16":1,"17":6,"18":6,"19":6,"20":1,"21":6,"22":1,"23":6,"24":6,"25":6,"26":6,"27":6,"28":6,"29":12,"30":4,"31":8,"32":4,"33":4,"34":4,"35":0,"36":0,"37":0,"38":0,"39":0,"40":0,"41":0,"42":0,"43":0,"44":0,"45":0,"46":0,"47":0,"48":0,"49":0,"50":0,"51":0,"52":0,"53":0,"54":0,"55":0,"56":0,"57":0,"58":0,"59":0,"60":0,"61":1},"f":{"0":1,"1":4,"2":8,"3":6,"4":8,"5":12},"b":{"0":[1,7],"1":[8,7],"2":[1,5],"3":[6,5],"4":[1,7],"5":[8,7],"6":[1,6],"7":[7,6],"8":[1,5],"9":[1,5],"10":[4,8],"11":[12,11,10,9],"12":[4,4],"13":[8,7,6,5],"14":[4,0],"15":[4,3,2,1],"16":[0,0],"17":[0,0],"18":[0,0],"19":[0,0],"20":[0,0],"21":[0,0],"22":[0,0],"23":[0,0],"24":[0,0],"25":[0,0],"26":[0,0],"27":[0,0],"28":[0,0]}}
}
