TN:
SF:src\components\canvas\CardDrawer.ts
FN:16,(anonymous_6)
FN:34,(anonymous_7)
FN:39,(anonymous_8)
FN:48,(anonymous_9)
FN:57,(anonymous_10)
FN:91,(anonymous_11)
FNF:6
FNH:6
FNDA:1,(anonymous_6)
FNDA:4,(anonymous_7)
FNDA:8,(anonymous_8)
FNDA:6,(anonymous_9)
FNDA:8,(anonymous_10)
FNDA:12,(anonymous_11)
DA:1,1
DA:17,1
DA:18,1
DA:22,1
DA:35,4
DA:40,8
DA:41,1
DA:43,7
DA:44,7
DA:49,6
DA:50,1
DA:52,5
DA:53,5
DA:59,8
DA:60,1
DA:61,7
DA:62,1
DA:66,6
DA:67,6
DA:68,6
DA:69,1
DA:71,6
DA:72,1
DA:76,6
DA:77,6
DA:78,6
DA:79,6
DA:81,6
DA:82,6
DA:93,12
DA:94,4
DA:97,8
DA:101,4
DA:104,4
DA:106,4
DA:110,0
DA:111,0
DA:112,0
DA:113,0
DA:114,0
DA:119,0
DA:120,0
DA:121,0
DA:122,0
DA:123,0
DA:124,0
DA:125,0
DA:126,0
DA:130,0
DA:131,0
DA:132,0
DA:133,0
DA:134,0
DA:135,0
DA:136,0
DA:137,0
DA:141,0
DA:142,0
DA:143,0
DA:146,0
DA:152,1
LF:61
LH:36
BRDA:40,0,0,1
BRDA:40,0,1,7
BRDA:40,1,0,8
BRDA:40,1,1,7
BRDA:49,2,0,1
BRDA:49,2,1,5
BRDA:49,3,0,6
BRDA:49,3,1,5
BRDA:59,4,0,1
BRDA:59,4,1,7
BRDA:59,5,0,8
BRDA:59,5,1,7
BRDA:61,6,0,1
BRDA:61,6,1,6
BRDA:61,7,0,7
BRDA:61,7,1,6
BRDA:68,8,0,1
BRDA:68,8,1,5
BRDA:71,9,0,1
BRDA:71,9,1,5
BRDA:93,10,0,4
BRDA:93,10,1,8
BRDA:93,11,0,12
BRDA:93,11,1,11
BRDA:93,11,2,10
BRDA:93,11,3,9
BRDA:97,12,0,4
BRDA:97,12,1,4
BRDA:97,13,0,8
BRDA:97,13,1,7
BRDA:97,13,2,6
BRDA:97,13,3,5
BRDA:104,14,0,4
BRDA:104,14,1,0
BRDA:104,15,0,4
BRDA:104,15,1,3
BRDA:104,15,2,2
BRDA:104,15,3,1
BRDA:112,16,0,0
BRDA:112,16,1,0
BRDA:113,17,0,0
BRDA:113,17,1,0
BRDA:114,18,0,0
BRDA:114,18,1,0
BRDA:119,19,0,0
BRDA:119,19,1,0
BRDA:119,20,0,0
BRDA:119,20,1,0
BRDA:121,21,0,0
BRDA:121,21,1,0
BRDA:124,22,0,0
BRDA:124,22,1,0
BRDA:130,23,0,0
BRDA:130,23,1,0
BRDA:130,24,0,0
BRDA:130,24,1,0
BRDA:132,25,0,0
BRDA:132,25,1,0
BRDA:135,26,0,0
BRDA:135,26,1,0
BRDA:141,27,0,0
BRDA:141,27,1,0
BRDA:141,28,0,0
BRDA:141,28,1,0
BRF:64
BRH:37
end_of_record
